{"log":
 [{"message":
   ".> LEAN_PATH=C:\\Users\\djake\\OneDrive\\Desktop\\M2 Stat\\Stage M2\\Celisse\\Boosting\\.lake\\build\\lib\\lean c:\\Users\\djake\\.elan\\toolchains\\leanprover--lean4---v4.20.1\\bin\\lean.exe C:\\Users\\djake\\OneDrive\\Desktop\\M2 Stat\\Stage M2\\Celisse\\Boosting\\Boosting.lean -R C:\\Users\\djake\\OneDrive\\Desktop\\M2 Stat\\Stage M2\\Celisse\\Boosting -o C:\\Users\\djake\\OneDrive\\Desktop\\M2 Stat\\Stage M2\\Celisse\\Boosting\\.lake\\build\\lib\\lean\\Boosting.olean -i C:\\Users\\djake\\OneDrive\\Desktop\\M2 Stat\\Stage M2\\Celisse\\Boosting\\.lake\\build\\lib\\lean\\Boosting.ilean -c C:\\Users\\djake\\OneDrive\\Desktop\\M2 Stat\\Stage M2\\Celisse\\Boosting\\.lake\\build\\ir\\Boosting.c --json",
   "level": "trace"}],
 "inputs":
 [["Boosting:deps",
   [["deps",
     [["Boosting/Boosting:extraDep", [["@Boosting:extraDep", "1723"]]],
      ["import oleans",
       [["Boosting.Basic:olean",
         [["Boosting.Basic:deps", "12720339749678921893"],
          ["C:\\Users\\djake\\OneDrive\\Desktop\\M2 Stat\\Stage M2\\Celisse\\Boosting\\.lake\\build\\lib\\lean\\Boosting\\Basic.olean",
           "3296136771731575702"]]]]]]],
    ["libs",
     [["import dynlibs", "1723"],
      ["package external libraries", "1723"],
      ["module dynlibs", "1723"],
      ["module plugins", "1723"]]]]],
  ["Lean 4.20.0, commit b02228b03f655c0cd051d82280ad5758359ec8ba",
   "309479851529972037"],
  ["Module.leanArgs: #[]", "1723"],
  ["C:\\Users\\djake\\OneDrive\\Desktop\\M2 Stat\\Stage M2\\Celisse\\Boosting\\Boosting.lean",
   "5481382714013936332"]],
 "depHash": "7401188395191601801"}