{"log":
 [{"message":
   ".> LEAN_PATH=C:\\Users\\djake\\OneDrive\\Desktop\\M2 Stat\\Stage M2\\Celisse\\Boosting\\.lake\\build\\lib\\lean c:\\Users\\djake\\.elan\\toolchains\\leanprover--lean4---v4.20.1\\bin\\lean.exe C:\\Users\\djake\\OneDrive\\Desktop\\M2 Stat\\Stage M2\\Celisse\\Boosting\\Boosting\\Basic.lean -R C:\\Users\\djake\\OneDrive\\Desktop\\M2 Stat\\Stage M2\\Celisse\\Boosting -o C:\\Users\\djake\\OneDrive\\Desktop\\M2 Stat\\Stage M2\\Celisse\\Boosting\\.lake\\build\\lib\\lean\\Boosting\\Basic.olean -i C:\\Users\\djake\\OneDrive\\Desktop\\M2 Stat\\Stage M2\\Celisse\\Boosting\\.lake\\build\\lib\\lean\\Boosting\\Basic.ilean -c C:\\Users\\djake\\OneDrive\\Desktop\\M2 Stat\\Stage M2\\Celisse\\Boosting\\.lake\\build\\ir\\Boosting\\Basic.c --json",
   "level": "trace"}],
 "inputs":
 [["Boosting.Basic:deps",
   [["deps",
     [["Boosting/Boosting:extraDep", [["@Boosting:extraDep", "1723"]]],
      ["import oleans", "1723"]]],
    ["libs",
     [["import dynlibs", "1723"],
      ["package external libraries", "1723"],
      ["module dynlibs", "1723"],
      ["module plugins", "1723"]]]]],
  ["Lean 4.20.0, commit b02228b03f655c0cd051d82280ad5758359ec8ba",
   "309479851529972037"],
  ["Module.leanArgs: #[]", "1723"],
  ["C:\\Users\\djake\\OneDrive\\Desktop\\M2 Stat\\Stage M2\\Celisse\\Boosting\\Boosting\\Basic.lean",
   "18126205365334327008"]],
 "depHash": "7431610743193415110"}